<?xml version="1.0" encoding="UTF-8"?>
<!-- Generated by org.testng.reporters.JUnitReportReporter -->
<testsuite hostname="Legion" failures="0" tests="5" name="PetTest" time="3.124" errors="0" timestamp="2022-08-03T15:40:06 CEST" skipped="0">
  <testcase classname="PetTest" name="whenPetCreated_thenOK" time="1.900"/>
  <system-out/>
  <testcase classname="PetTest" name="whenPetGetContentMatch_thenOK" time="0.702"/>
  <system-out/>
  <testcase classname="PetTest" name="whenPetUpdate_thenOK" time="0.156"/>
  <system-out/>
  <testcase classname="PetTest" name="whenPetGetUpdateContentMatch_thenOK" time="0.190"/>
  <system-out/>
  <testcase classname="PetTest" name="whenPetDelete_thenOK" time="0.176"/>
  <system-out/>
</testsuite> <!-- PetTest -->
